# JRE version: OpenJDK Runtime Environment Temurin-17.0.7+7 (17.0.7+7) (build 17.0.7+7)
# Java VM: OpenJDK 64-Bit Server VM Temurin-17.0.7+7 (17.0.7+7, mixed mode, sharing, tiered, compressed oops, compressed class ptrs, g1 gc, windows-amd64)
GC Precious Log:
 CPUs: 8 total, 8 available
 Memory: 7886M
 Large Page Support: Disabled
 NUMA Support: Disabled
 Compressed Oops: Enabled (Zero based)
 Heap Region Size: 2M
 Heap Min Capacity: 512M
 Heap Initial Capacity: 512M
 Heap Max Capacity: 4072M
 Pre-touch: Disabled
 Parallel Workers: 8
 Concurrent Workers: 2
 Concurrent Refinement Workers: 8
 Periodic GC: Disabled
 String Deduplication is enabled
Heap:
 garbage-first heap   total 524288K, used 80917K [0x0000000701800000, 0x0000000800000000)
  region size 2048K, 7 young (14336K), 1 survivors (2048K)
 Metaspace       used 87609K, committed 88192K, reserved 1179648K
  class space    used 11649K, committed 11968K, reserved 1048576K
GC Heap History (20 events):
Event: 20782.434 GC heap before
{Heap before GC invocations=374 (full 86):
 garbage-first heap   total 524288K, used 150754K [0x0000000701800000, 0x0000000800000000)
  region size 2048K, 40 young (81920K), 1 survivors (2048K)
 Metaspace       used 87641K, committed 88192K, reserved 1179648K
  class space    used 11664K, committed 11968K, reserved 1048576K
}
Event: 20782.437 GC heap after
{Heap after GC invocations=375 (full 86):
 garbage-first heap   total 524288K, used 70934K [0x0000000701800000, 0x0000000800000000)
  region size 2048K, 1 young (2048K), 1 survivors (2048K)
 Metaspace       used 87641K, committed 88192K, reserved 1179648K
  class space    used 11664K, committed 11968K, reserved 1048576K
}
Event: 20786.722 GC heap before
{Heap before GC invocations=375 (full 86):
 garbage-first heap   total 524288K, used 75030K [0x0000000701800000, 0x0000000800000000)
  region size 2048K, 4 young (8192K), 1 survivors (2048K)
 Metaspace       used 87641K, committed 88192K, reserved 1179648K
  class space    used 11664K, committed 11968K, reserved 1048576K
}
Event: 20786.784 GC heap after
{Heap after GC invocations=376 (full 87):
 garbage-first heap   total 524288K, used 70209K [0x0000000701800000, 0x0000000800000000)
  region size 2048K, 0 young (0K), 0 survivors (0K)
 Metaspace       used 87577K, committed 88192K, reserved 1179648K
  class space    used 11649K, committed 11968K, reserved 1048576K
}
Event: 20829.705 GC heap before
{Heap before GC invocations=376 (full 87):
 garbage-first heap   total 524288K, used 152129K [0x0000000701800000, 0x0000000800000000)
  region size 2048K, 40 young (81920K), 0 survivors (0K)
 Metaspace       used 87580K, committed 88192K, reserved 1179648K
  class space    used 11649K, committed 11968K, reserved 1048576K
}
Event: 20829.709 GC heap after
{Heap after GC invocations=377 (full 87):
 garbage-first heap   total 524288K, used 70498K [0x0000000701800000, 0x0000000800000000)
  region size 2048K, 1 young (2048K), 1 survivors (2048K)
 Metaspace       used 87580K, committed 88192K, reserved 1179648K
  class space    used 11649K, committed 11968K, reserved 1048576K
}
Event: 20863.922 GC heap before
{Heap before GC invocations=377 (full 87):
 garbage-first heap   total 524288K, used 150370K [0x0000000701800000, 0x0000000800000000)
  region size 2048K, 40 young (81920K), 1 survivors (2048K)
 Metaspace       used 87580K, committed 88192K, reserved 1179648K
  class space    used 11649K, committed 11968K, reserved 1048576K
}
Event: 20863.924 GC heap after
{Heap after GC invocations=378 (full 87):
 garbage-first heap   total 524288K, used 70496K [0x0000000701800000, 0x0000000800000000)
  region size 2048K, 1 young (2048K), 1 survivors (2048K)
 Metaspace       used 87580K, committed 88192K, reserved 1179648K
  class space    used 11649K, committed 11968K, reserved 1048576K
}
Event: 20910.510 GC heap before
{Heap before GC invocations=378 (full 87):
 garbage-first heap   total 524288K, used 150368K [0x0000000701800000, 0x0000000800000000)
  region size 2048K, 40 young (81920K), 1 survivors (2048K)
 Metaspace       used 87580K, committed 88192K, reserved 1179648K
  class space    used 11649K, committed 11968K, reserved 1048576K
}
Event: 20910.511 GC heap after
{Heap after GC invocations=379 (full 87):
 garbage-first heap   total 524288K, used 70455K [0x0000000701800000, 0x0000000800000000)
  region size 2048K, 1 young (2048K), 1 survivors (2048K)
 Metaspace       used 87580K, committed 88192K, reserved 1179648K
  class space    used 11649K, committed 11968K, reserved 1048576K
}
Event: 20924.184 GC heap before
{Heap before GC invocations=379 (full 87):
 garbage-first heap   total 524288K, used 150327K [0x0000000701800000, 0x0000000800000000)
  region size 2048K, 40 young (81920K), 1 survivors (2048K)
 Metaspace       used 87586K, committed 88192K, reserved 1179648K
  class space    used 11649K, committed 11968K, reserved 1048576K
}
Event: 20924.185 GC heap after
{Heap after GC invocations=380 (full 87):
 garbage-first heap   total 524288K, used 70488K [0x0000000701800000, 0x0000000800000000)
  region size 2048K, 1 young (2048K), 1 survivors (2048K)
 Metaspace       used 87586K, committed 88192K, reserved 1179648K
  class space    used 11649K, committed 11968K, reserved 1048576K
}
Event: 20962.660 GC heap before
{Heap before GC invocations=380 (full 87):
 garbage-first heap   total 524288K, used 150360K [0x0000000701800000, 0x0000000800000000)
  region size 2048K, 40 young (81920K), 1 survivors (2048K)
 Metaspace       used 87594K, committed 88192K, reserved 1179648K
  class space    used 11649K, committed 11968K, reserved 1048576K
}
Event: 20962.662 GC heap after
{Heap after GC invocations=381 (full 87):
 garbage-first heap   total 524288K, used 70581K [0x0000000701800000, 0x0000000800000000)
  region size 2048K, 1 young (2048K), 1 survivors (2048K)
 Metaspace       used 87594K, committed 88192K, reserved 1179648K
  class space    used 11649K, committed 11968K, reserved 1048576K
}
Event: 21001.701 GC heap before
{Heap before GC invocations=381 (full 87):
 garbage-first heap   total 524288K, used 150453K [0x0000000701800000, 0x0000000800000000)
  region size 2048K, 40 young (81920K), 1 survivors (2048K)
 Metaspace       used 87594K, committed 88192K, reserved 1179648K
  class space    used 11649K, committed 11968K, reserved 1048576K
}
Event: 21001.703 GC heap after
{Heap after GC invocations=382 (full 87):
 garbage-first heap   total 524288K, used 70602K [0x0000000701800000, 0x0000000800000000)
  region size 2048K, 1 young (2048K), 1 survivors (2048K)
 Metaspace       used 87594K, committed 88192K, reserved 1179648K
  class space    used 11649K, committed 11968K, reserved 1048576K
}
Event: 21017.265 GC heap before
{Heap before GC invocations=382 (full 87):
 garbage-first heap   total 524288K, used 150474K [0x0000000701800000, 0x0000000800000000)
  region size 2048K, 40 young (81920K), 1 survivors (2048K)
 Metaspace       used 87599K, committed 88192K, reserved 1179648K
  class space    used 11649K, committed 11968K, reserved 1048576K
}
Event: 21017.267 GC heap after
{Heap after GC invocations=383 (full 87):
 garbage-first heap   total 524288K, used 70614K [0x0000000701800000, 0x0000000800000000)
  region size 2048K, 1 young (2048K), 1 survivors (2048K)
 Metaspace       used 87599K, committed 88192K, reserved 1179648K
  class space    used 11649K, committed 11968K, reserved 1048576K
}
Event: 21050.674 GC heap before
{Heap before GC invocations=383 (full 87):
 garbage-first heap   total 524288K, used 150486K [0x0000000701800000, 0x0000000800000000)
  region size 2048K, 40 young (81920K), 1 survivors (2048K)
 Metaspace       used 87606K, committed 88192K, reserved 1179648K
  class space    used 11649K, committed 11968K, reserved 1048576K
}
Event: 21050.678 GC heap after
{Heap after GC invocations=384 (full 87):
 garbage-first heap   total 524288K, used 70677K [0x0000000701800000, 0x0000000800000000)
  region size 2048K, 1 young (2048K), 1 survivors (2048K)
 Metaspace       used 87606K, committed 88192K, reserved 1179648K
  class space    used 11649K, committed 11968K, reserved 1048576K
}

